<?xml version="1.0" encoding="UTF-8"?>
<!-- Generated by org.testng.reporters.JUnitXMLReporter -->
<testsuite hostname="LAPTOP-K2MCNC53" ignored="0" name="Test" tests="4" failures="0" timestamp="20 Jul 2019 05:22:13 GMT" time="57.048" errors="0">
  <testcase name="basePageNavigation" time="0.216" classname="Academy.E2EProject.ValidateTitle"/>
  <testcase name="basePageNavigation" time="0.159" classname="Academy.E2EProject.validateNavigationBar"/>
  <testcase name="basePageNavigation" time="19.0" classname="Academy.E2EProject.HomePage"/>
  <testcase name="basePageNavigation" time="18.466" classname="Academy.E2EProject.HomePage"/>
</testsuite> <!-- Test -->
