<?xml version="1.0" encoding="UTF-8"?>
<!-- Generated by org.testng.reporters.JUnitXMLReporter -->
<testsuite hostname="LAPTOP-K2MCNC53" ignored="0" name="Validating Title" tests="1" failures="1" timestamp="20 Jul 2019 16:41:16 GMT" time="11.206" errors="0">
  <testcase name="basePageNavigation" time="0.139" classname="Academy.E2EProject.ValidateTitle">
    <failure type="java.lang.AssertionError" message="expected [FEATURED COURSES123] but found [FEATURED COURSES]">
      <![CDATA[java.lang.AssertionError: expected [FEATURED COURSES123] but found [FEATURED COURSES]
	at Academy.E2EProject.ValidateTitle.basePageNavigation(ValidateTitle.java:30)
... Removed 31 stack frames]]>
    </failure>
  </testcase> <!-- basePageNavigation -->
</testsuite> <!-- Validating Title -->
